Arguments: 
  /usr/local/Cellar/node/9.11.1/bin/node /usr/local/Cellar/yarn/1.5.1_1/libexec/bin/yarn.js build:clean

PATH: 
  /Users/jp/.rvm/gems/ruby-2.4.3/bin:/Users/jp/.rvm/gems/ruby-2.4.3@global/bin:/Users/jp/.rvm/rubies/ruby-2.4.3/bin:/Users/jp/.rvm/bin:/usr/local/opt/qt@5.5/bin:/usr/local/bin:/usr/bin:/bin:/usr/sbin:/sbin:/usr/local/share/dotnet:/Library/Frameworks/Mono.framework/Versions/Current/Commands:/usr/local/opt/qt@5.5/bin: /opt/local/bin:/opt/local/sbin:/opt/local/bin:/Users/m/Downloads/temp/bin:/Applications/apache-ant-1.9.6/bin:/Users/m/Library/Android/sdk/platform-tools:/Users/m/Library/Android/sdk/tools:/Users/m/Desktop/python/vlfeat/bin/maci64:/opt/X11/bin:/Users/m/bin/FDK/Tools/osx: /opt/local/bin:/opt/local/sbin:/opt/local/bin:/opt/local/sbin:/Users/m/Downloads/temp/bin:/Applications/apache-ant-1.9.6/bin:/Users/m/Library/Android/sdk/platform-tools:/Users/m/Library/Android/sdk/tools:/Users/m/Desktop/python/vlfeat/bin/maci64:/usr/local/bin:/usr/bin:/bin:/usr/sbin:/sbin:/opt/X11/bin:/Users/m/bin/FDK/Tools/osx

Yarn version: 
  1.5.1

Node version: 
  9.11.1

Platform: 
  darwin x64

npm manifest: 
  {
    "name": "react-webpack-rails-tutorial",
    "version": "2.0.0",
    "description": "ShakaCode's example of React on Rails plus React Native",
    "main": "server-express.js",
    "engines": {
      "node": "^7.8.0 || ^8.0.0 || ^9.2.0",
      "npm": "^4.4.4 || ^5.0.0",
      "yarn": "^1.0.0"
    },
    "scripts": {
      "postinstall": "cd client && yarn install",
      "test": "rspec && yarn run test:client && yarn run lint",
      "test:client": "(cd client && yarn run --silent test)",
      "lint": "(cd client && yarn run --silent lint)",
      "build:clean": "rm app/assets/webpack/*",
      "build:production": "(cd client && yarn run --silent build:production)",
      "build:production:client": "(cd client && yarn run --silent build:production:client)",
      "build:production:server": "(cd client && yarn run --silent build:production:server)",
      "build:client": "(cd client && yarn run --silent build:client)",
      "build:server": "(cd client && yarn run --silent build:server)",
      "build:dev:client": "(cd client && yarn run --silent build:dev:client)",
      "build:dev:server": "(cd client && yarn run --silent build:dev:server)",
      "hot-assets": "(cd client && yarn run hot-assets)",
      "start": "(cd client && yarn run --silent start)"
    },
    "repository": {
      "url": "https://github.com/shakacode/react-webpack-rails-tutorial.git",
      "type": "git"
    },
    "keywords": [
      "react",
      "tutorial",
      "comment",
      "example"
    ],
    "author": "justin808",
    "license": "MIT",
    "bugs": {
      "url": "https://github.com/shakacode/react-webpack-rails-tutorial/issues"
    },
    "homepage": "https://github.com/shakacode/react-webpack-rails-tutorial",
    "dependencies": {},
    "devDependencies": {},
    "cacheDirectories": [
      "node_modules",
      "client/node_modules"
    ]
  }

yarn manifest: 
  No manifest

Lockfile: 
  # THIS IS AN AUTOGENERATED FILE. DO NOT EDIT THIS FILE DIRECTLY.
  # yarn lockfile v1

Trace: 
  Error: Command failed.
  Exit code: 1
  Command: sh
  Arguments: -c rm app/assets/webpack/*
  Directory: /Users/jp/react-webpack-rails-tutorial
  Output:
  
      at ProcessTermError.MessageError (/usr/local/Cellar/yarn/1.5.1_1/libexec/lib/cli.js:186:110)
      at new ProcessTermError (/usr/local/Cellar/yarn/1.5.1_1/libexec/lib/cli.js:226:113)
      at ChildProcess.<anonymous> (/usr/local/Cellar/yarn/1.5.1_1/libexec/lib/cli.js:30281:17)
      at ChildProcess.emit (events.js:180:13)
      at maybeClose (internal/child_process.js:936:16)
      at Process.ChildProcess._handle.onexit (internal/child_process.js:220:5)
